# JRE version: OpenJDK Runtime Environment Temurin-21.0.5+11 (21.0.5+11) (build 21.0.5+11-LTS)
# Java VM: OpenJDK 64-Bit Server VM Temurin-21.0.5+11 (21.0.5+11-LTS, mixed mode, emulated-client, sharing, tiered, compressed oops, compressed class ptrs, g1 gc, windows-amd64)
GC Precious Log:
 CardTable entry size: 512
 Card Set container configuration: InlinePtr #cards 5 size 8 Array Of Cards #cards 12 size 40 Howl #buckets 4 coarsen threshold 1843 Howl Bitmap #cards 512 size 80 coarsen threshold 460 Card regions per heap region 1 cards per card region 2048
 CPUs: 4 total, 4 available
 Memory: 8102M
 Large Page Support: Disabled
 NUMA Support: Disabled
 Compressed Oops: Enabled (32-bit)
 Heap Region Size: 1M
 Heap Min Capacity: 8M
 Heap Initial Capacity: 128M
 Heap Max Capacity: 2026M
 Pre-touch: Disabled
 Parallel Workers: 4
 Concurrent Workers: 1
 Concurrent Refinement Workers: 4
 Periodic GC: Disabled
Heap:
 garbage-first heap   total 208896K, used 123755K [0x0000000081600000, 0x0000000100000000)
  region size 1024K, 44 young (45056K), 6 survivors (6144K)
 Metaspace       used 120519K, committed 121600K, reserved 1179648K
  class space    used 15138K, committed 15680K, reserved 1048576K
GC Heap History (20 events):
Event: 11565.494 GC heap before
{Heap before GC invocations=155 (full 5):
 garbage-first heap   total 208896K, used 160274K [0x0000000081600000, 0x0000000100000000)
  region size 1024K, 98 young (100352K), 9 survivors (9216K)
 Metaspace       used 114574K, committed 115712K, reserved 1179648K
  class space    used 14859K, committed 15424K, reserved 1048576K
}
Event: 11565.575 GC heap after
{Heap after GC invocations=156 (full 5):
 garbage-first heap   total 208896K, used 75388K [0x0000000081600000, 0x0000000100000000)
  region size 1024K, 6 young (6144K), 6 survivors (6144K)
 Metaspace       used 114574K, committed 115712K, reserved 1179648K
  class space    used 14859K, committed 15424K, reserved 1048576K
}
Event: 11568.432 GC heap before
{Heap before GC invocations=157 (full 5):
 garbage-first heap   total 208896K, used 189052K [0x0000000081600000, 0x0000000100000000)
  region size 1024K, 117 young (119808K), 6 survivors (6144K)
 Metaspace       used 115584K, committed 116736K, reserved 1179648K
  class space    used 14941K, committed 15488K, reserved 1048576K
}
Event: 11568.461 GC heap after
{Heap after GC invocations=158 (full 5):
 garbage-first heap   total 208896K, used 82999K [0x0000000081600000, 0x0000000100000000)
  region size 1024K, 13 young (13312K), 13 survivors (13312K)
 Metaspace       used 115584K, committed 116736K, reserved 1179648K
  class space    used 14941K, committed 15488K, reserved 1048576K
}
Event: 11569.955 GC heap before
{Heap before GC invocations=158 (full 5):
 garbage-first heap   total 208896K, used 150583K [0x0000000081600000, 0x0000000100000000)
  region size 1024K, 80 young (81920K), 13 survivors (13312K)
 Metaspace       used 116405K, committed 117696K, reserved 1179648K
  class space    used 14990K, committed 15616K, reserved 1048576K
}
Event: 11569.988 GC heap after
{Heap after GC invocations=159 (full 5):
 garbage-first heap   total 208896K, used 87520K [0x0000000081600000, 0x0000000100000000)
  region size 1024K, 5 young (5120K), 5 survivors (5120K)
 Metaspace       used 116405K, committed 117696K, reserved 1179648K
  class space    used 14990K, committed 15616K, reserved 1048576K
}
Event: 11574.411 GC heap before
{Heap before GC invocations=160 (full 5):
 garbage-first heap   total 208896K, used 190944K [0x0000000081600000, 0x0000000100000000)
  region size 1024K, 106 young (108544K), 5 survivors (5120K)
 Metaspace       used 116621K, committed 117952K, reserved 1179648K
  class space    used 15038K, committed 15680K, reserved 1048576K
}
Event: 11574.422 GC heap after
{Heap after GC invocations=161 (full 5):
 garbage-first heap   total 208896K, used 93442K [0x0000000081600000, 0x0000000100000000)
  region size 1024K, 11 young (11264K), 11 survivors (11264K)
 Metaspace       used 116621K, committed 117952K, reserved 1179648K
  class space    used 15038K, committed 15680K, reserved 1048576K
}
Event: 11644.965 GC heap before
{Heap before GC invocations=161 (full 5):
 garbage-first heap   total 208896K, used 126210K [0x0000000081600000, 0x0000000100000000)
  region size 1024K, 44 young (45056K), 11 survivors (11264K)
 Metaspace       used 116708K, committed 118016K, reserved 1179648K
  class space    used 15040K, committed 15680K, reserved 1048576K
}
Event: 11645.076 GC heap after
{Heap after GC invocations=162 (full 6):
 garbage-first heap   total 208896K, used 59773K [0x0000000081600000, 0x0000000100000000)
  region size 1024K, 0 young (0K), 0 survivors (0K)
 Metaspace       used 116050K, committed 117888K, reserved 1179648K
  class space    used 14886K, committed 15680K, reserved 1048576K
}
Event: 11650.604 GC heap before
{Heap before GC invocations=162 (full 6):
 garbage-first heap   total 208896K, used 183677K [0x0000000081600000, 0x0000000100000000)
  region size 1024K, 122 young (124928K), 0 survivors (0K)
 Metaspace       used 118200K, committed 119488K, reserved 1179648K
  class space    used 14968K, committed 15680K, reserved 1048576K
}
Event: 11650.614 GC heap after
{Heap after GC invocations=163 (full 6):
 garbage-first heap   total 208896K, used 68843K [0x0000000081600000, 0x0000000100000000)
  region size 1024K, 9 young (9216K), 9 survivors (9216K)
 Metaspace       used 118200K, committed 119488K, reserved 1179648K
  class space    used 14968K, committed 15680K, reserved 1048576K
}
Event: 11651.474 GC heap before
{Heap before GC invocations=164 (full 6):
 garbage-first heap   total 208896K, used 184555K [0x0000000081600000, 0x0000000100000000)
  region size 1024K, 122 young (124928K), 9 survivors (9216K)
 Metaspace       used 118672K, committed 119872K, reserved 1179648K
  class space    used 15015K, committed 15680K, reserved 1048576K
}
Event: 11651.483 GC heap after
{Heap after GC invocations=165 (full 6):
 garbage-first heap   total 208896K, used 72985K [0x0000000081600000, 0x0000000100000000)
  region size 1024K, 13 young (13312K), 13 survivors (13312K)
 Metaspace       used 118672K, committed 119872K, reserved 1179648K
  class space    used 15015K, committed 15680K, reserved 1048576K
}
Event: 11652.268 GC heap before
{Heap before GC invocations=165 (full 6):
 garbage-first heap   total 208896K, used 181529K [0x0000000081600000, 0x0000000100000000)
  region size 1024K, 119 young (121856K), 13 survivors (13312K)
 Metaspace       used 120143K, committed 121280K, reserved 1179648K
  class space    used 15108K, committed 15680K, reserved 1048576K
}
Event: 11652.315 GC heap after
{Heap after GC invocations=166 (full 6):
 garbage-first heap   total 208896K, used 80652K [0x0000000081600000, 0x0000000100000000)
  region size 1024K, 13 young (13312K), 13 survivors (13312K)
 Metaspace       used 120143K, committed 121280K, reserved 1179648K
  class space    used 15108K, committed 15680K, reserved 1048576K
}
Event: 11653.215 GC heap before
{Heap before GC invocations=166 (full 6):
 garbage-first heap   total 208896K, used 182028K [0x0000000081600000, 0x0000000100000000)
  region size 1024K, 112 young (114688K), 13 survivors (13312K)
 Metaspace       used 120373K, committed 121472K, reserved 1179648K
  class space    used 15119K, committed 15680K, reserved 1048576K
}
Event: 11653.232 GC heap after
{Heap after GC invocations=167 (full 6):
 garbage-first heap   total 208896K, used 84760K [0x0000000081600000, 0x0000000100000000)
  region size 1024K, 5 young (5120K), 5 survivors (5120K)
 Metaspace       used 120373K, committed 121472K, reserved 1179648K
  class space    used 15119K, committed 15680K, reserved 1048576K
}
Event: 11836.968 GC heap before
{Heap before GC invocations=168 (full 6):
 garbage-first heap   total 208896K, used 190232K [0x0000000081600000, 0x0000000100000000)
  region size 1024K, 108 young (110592K), 5 survivors (5120K)
 Metaspace       used 120443K, committed 121536K, reserved 1179648K
  class space    used 15133K, committed 15680K, reserved 1048576K
}
Event: 11836.974 GC heap after
{Heap after GC invocations=169 (full 6):
 garbage-first heap   total 208896K, used 85867K [0x0000000081600000, 0x0000000100000000)
  region size 1024K, 6 young (6144K), 6 survivors (6144K)
 Metaspace       used 120443K, committed 121536K, reserved 1179648K
  class space    used 15133K, committed 15680K, reserved 1048576K
}

